ISim log file
Running: C:\Users\hajna\Documents\RendszerArchitekturakHF\spi_top_test_isim_beh.exe -intstyle ise -gui -tclbatch isim.cmd -view C:/Users/hajna/Documents/RendszerArchitekturakHF/spi_top_test_config.wcfg -wdb C:/Users/hajna/Documents/RendszerArchitekturakHF/spi_top_test_isim_beh.wdb 
ISim P.20131013 (signature 0x7708f090)
WARNING: A WEBPACK license was found.
WARNING: Please use Xilinx License Configuration Manager to check out a full ISim license.
WARNING: ISim will run in Lite mode. Please refer to the ISim documentation for more information on the differences between the Lite and the Full version.
This is a Lite version of ISim.
Time resolution is 1 ps
# onerror resume
# run 1000 ns
Simulator is doing circuit initialization process.
Finished circuit initialization process.
              350000: SPI write - address=0x0004, data=0x00000001
              650000: SPI write - address=0x0014, data=0x00000001
              950000: SPI write - address=0x0008, data=0x00000000
# run 1.00us
             1250000: SPI write - address=0x0010, data=0x00000091
             1550000: SPI write - address=0x0018, data=0x00000001
             1850000: SPI write - address=0x0000, data=0x00000001
# run 1.00us
# run 1.00us
# run 1.00us
# run 1.00us
# run 1.00us
# run 1.00us
# run 1.00us
# run 1.00us
# run 1.00us
ISim P.20131013 (signature 0x7708f090)
WARNING: A WEBPACK license was found.
WARNING: Please use Xilinx License Configuration Manager to check out a full ISim license.
WARNING: ISim will run in Lite mode. Please refer to the ISim documentation for more information on the differences between the Lite and the Full version.
This is a Lite version of ISim.
# run 1000 ns
Simulator is doing circuit initialization process.
Finished circuit initialization process.
              350000: SPI write - address=0x0004, data=0x00000001
              650000: SPI write - address=0x0014, data=0x00000001
              950000: SPI write - address=0x0008, data=0x00000000
# run 1.00us
             1250000: SPI write - address=0x0010, data=0x00000091
             1550000: SPI write - address=0x0018, data=0x00000001
             1850000: SPI write - address=0x0000, data=0x00000001
ISim P.20131013 (signature 0x7708f090)
WARNING: A WEBPACK license was found.
WARNING: Please use Xilinx License Configuration Manager to check out a full ISim license.
WARNING: ISim will run in Lite mode. Please refer to the ISim documentation for more information on the differences between the Lite and the Full version.
This is a Lite version of ISim.
# run 1000 ns
Simulator is doing circuit initialization process.
Finished circuit initialization process.
              350000: SPI write - address=0x0004, data=0x00000001
              650000: SPI write - address=0x0014, data=0x00000001
              950000: SPI write - address=0x0008, data=0x00000000
ISim P.20131013 (signature 0x7708f090)
WARNING: A WEBPACK license was found.
WARNING: Please use Xilinx License Configuration Manager to check out a full ISim license.
WARNING: ISim will run in Lite mode. Please refer to the ISim documentation for more information on the differences between the Lite and the Full version.
This is a Lite version of ISim.
# run 1000 ns
Simulator is doing circuit initialization process.
Finished circuit initialization process.
              350000: SPI write - address=0x0004, data=0x00000001
              650000: SPI write - address=0x0014, data=0x00000001
              950000: SPI write - address=0x0008, data=0x00000000
# run 1.00us
             1250000: SPI write - address=0x0010, data=0x00000091
             1550000: SPI write - address=0x0018, data=0x00000001
             1850000: SPI write - address=0x0000, data=0x00000001
ISim P.20131013 (signature 0x7708f090)
WARNING: A WEBPACK license was found.
WARNING: Please use Xilinx License Configuration Manager to check out a full ISim license.
WARNING: ISim will run in Lite mode. Please refer to the ISim documentation for more information on the differences between the Lite and the Full version.
This is a Lite version of ISim.
# run 1000 ns
Simulator is doing circuit initialization process.
Finished circuit initialization process.
              350000: SPI write - address=0x0004, data=0x00000001
              650000: SPI write - address=0x0014, data=0x00000001
              950000: SPI write - address=0x0008, data=0x00000000
ISim P.20131013 (signature 0x7708f090)
WARNING: A WEBPACK license was found.
WARNING: Please use Xilinx License Configuration Manager to check out a full ISim license.
WARNING: ISim will run in Lite mode. Please refer to the ISim documentation for more information on the differences between the Lite and the Full version.
This is a Lite version of ISim.
# run 1000 ns
Simulator is doing circuit initialization process.
Finished circuit initialization process.
              350000: SPI write - address=0x0004, data=0x00000001
              650000: SPI write - address=0x0014, data=0x00000001
              950000: SPI write - address=0x0008, data=0x00000000
ISim P.20131013 (signature 0x7708f090)
WARNING: A WEBPACK license was found.
WARNING: Please use Xilinx License Configuration Manager to check out a full ISim license.
WARNING: ISim will run in Lite mode. Please refer to the ISim documentation for more information on the differences between the Lite and the Full version.
This is a Lite version of ISim.
# run 1000 ns
Simulator is doing circuit initialization process.
Finished circuit initialization process.
              350000: SPI write - address=0x0004, data=0x00000001
              650000: SPI write - address=0x0014, data=0x00000001
              950000: SPI write - address=0x0008, data=0x00000000
ISim P.20131013 (signature 0x7708f090)
WARNING: A WEBPACK license was found.
WARNING: Please use Xilinx License Configuration Manager to check out a full ISim license.
WARNING: ISim will run in Lite mode. Please refer to the ISim documentation for more information on the differences between the Lite and the Full version.
This is a Lite version of ISim.
# run 1000 ns
Simulator is doing circuit initialization process.
Finished circuit initialization process.
              350000: SPI write - address=0x0004, data=0x00000001
              650000: SPI write - address=0x0014, data=0x00000001
              950000: SPI write - address=0x0008, data=0x00000000
ISim P.20131013 (signature 0x7708f090)
WARNING: A WEBPACK license was found.
WARNING: Please use Xilinx License Configuration Manager to check out a full ISim license.
WARNING: ISim will run in Lite mode. Please refer to the ISim documentation for more information on the differences between the Lite and the Full version.
This is a Lite version of ISim.
# run 1000 ns
Simulator is doing circuit initialization process.
Finished circuit initialization process.
              350000: SPI write - address=0x0004, data=0x00000001
              650000: SPI write - address=0x0014, data=0x00000001
              950000: SPI write - address=0x0008, data=0x00000000
# run 1.00us
# run 1.00us
             1250000: SPI write - address=0x0010, data=0x00000091
             1550000: SPI write - address=0x0018, data=0x00000001
             1850000: SPI write - address=0x0000, data=0x00000001
ISim P.20131013 (signature 0x7708f090)
WARNING: A WEBPACK license was found.
WARNING: Please use Xilinx License Configuration Manager to check out a full ISim license.
WARNING: ISim will run in Lite mode. Please refer to the ISim documentation for more information on the differences between the Lite and the Full version.
This is a Lite version of ISim.
# run 1000 ns
Simulator is doing circuit initialization process.
Finished circuit initialization process.
              350000: SPI write - address=0x0004, data=0x00000001
              650000: SPI write - address=0x0014, data=0x00000001
              950000: SPI write - address=0x0008, data=0x00000000
ISim P.20131013 (signature 0x7708f090)
WARNING: A WEBPACK license was found.
WARNING: Please use Xilinx License Configuration Manager to check out a full ISim license.
WARNING: ISim will run in Lite mode. Please refer to the ISim documentation for more information on the differences between the Lite and the Full version.
This is a Lite version of ISim.
# run 1000 ns
Simulator is doing circuit initialization process.
Finished circuit initialization process.
              350000: SPI write - address=0x0004, data=0x00000001
              650000: SPI write - address=0x0014, data=0x00000001
              950000: SPI write - address=0x0008, data=0x00000000
# run 1.00us
             1250000: SPI write - address=0x0010, data=0x00000091
             1550000: SPI write - address=0x0018, data=0x00000001
             1850000: SPI write - address=0x0000, data=0x00000001
# run 1.00us
# run 1.00us
# run 1.00us
# run 1.00us
             5751000: SPI write - address=0x0010, data=0x00000000
# run 1.00us
             6050000: SPI write - address=0x0008, data=0x00000001
             6350000: SPI write - address=0x0010, data=0x000000a9
             6650000: SPI write - address=0x0000, data=0x00000001
ISim P.20131013 (signature 0x7708f090)
WARNING: A WEBPACK license was found.
WARNING: Please use Xilinx License Configuration Manager to check out a full ISim license.
WARNING: ISim will run in Lite mode. Please refer to the ISim documentation for more information on the differences between the Lite and the Full version.
This is a Lite version of ISim.
# run 1000 ns
Simulator is doing circuit initialization process.
Finished circuit initialization process.
              350000: SPI write - address=0x0004, data=0x00000001
              650000: SPI write - address=0x0014, data=0x00000001
              950000: SPI write - address=0x0008, data=0x00000000
# run 1.00us
             1250000: SPI write - address=0x0010, data=0x00000091
             1550000: SPI write - address=0x0018, data=0x00000001
             1850000: SPI write - address=0x0000, data=0x00000001
# run 1.00us
# run 1.00us
# run 1.00us
# run 1.00us
             5751000: SPI write - address=0x0010, data=0x00000000
# run 1.00us
             6050000: SPI write - address=0x0008, data=0x00000001
             6350000: SPI write - address=0x0010, data=0x000000a9
             6650000: SPI write - address=0x0000, data=0x00000001
# run 1.00us
# run 1.00us
# run 1.00us
# run 1.00us
            10751000: SPI write - address=0x0010, data=0x00000000
# run 1.00us
            11050000: SPI write - address=0x0008, data=0x00000002
            11350000: SPI write - address=0x0010, data=0x000000eb
            11650000: SPI write - address=0x0000, data=0x00000001
# run 1.00us
# run 1.00us
ISim P.20131013 (signature 0x7708f090)
WARNING: A WEBPACK license was found.
WARNING: Please use Xilinx License Configuration Manager to check out a full ISim license.
WARNING: ISim will run in Lite mode. Please refer to the ISim documentation for more information on the differences between the Lite and the Full version.
This is a Lite version of ISim.
# run 1000 ns
Simulator is doing circuit initialization process.
Finished circuit initialization process.
              350000: SPI write - address=0x0004, data=0x00000001
              650000: SPI write - address=0x0014, data=0x00000001
              950000: SPI write - address=0x0008, data=0x00000000
# run 1.00us
             1250000: SPI write - address=0x0010, data=0x00000091
             1550000: SPI write - address=0x0018, data=0x00000001
             1850000: SPI write - address=0x0000, data=0x00000001
# run 1.00us
# run 1.00us
# run 1.00us
# run 1.00us
             5751000: SPI write - address=0x0010, data=0x00000000
# run 1.00us
             6050000: SPI write - address=0x0008, data=0x00000001
             6350000: SPI write - address=0x0010, data=0x000000a9
             6650000: SPI write - address=0x0000, data=0x00000001
# run 1.00us
# run 1.00us
# run 1.00us
# run 1.00us
            10751000: SPI write - address=0x0010, data=0x00000000
# run 1.00us
            11050000: SPI write - address=0x0008, data=0x00000002
            11350000: SPI write - address=0x0010, data=0x000000eb
            11650000: SPI write - address=0x0000, data=0x00000001
# run 1.00us
# run 1.00us
# run 1.00us
# run 1.00us
            15751000: SPI write - address=0x0010, data=0x00000000
# run 1.00us
            16050000: SPI write - address=0x0008, data=0x00000003
            16350000: SPI write - address=0x0010, data=0x000000af
            16650000: SPI write - address=0x0000, data=0x00000001
# run 1.00us
# run 1.00us
# run 1.00us
# run 1.00us
            20951000: SPI write - address=0x0010, data=0x00000000
# run 1.00us
# run 1.00us
# run 1.00us
# run 1.00us
# run 1.00us
# run 1.00us
# run 1.00us
# run 1.00us
# run 1.00us
# run 1.00us
# run 1.00us
# run 1.00us
# run 1.00us
ISim P.20131013 (signature 0x7708f090)
WARNING: A WEBPACK license was found.
WARNING: Please use Xilinx License Configuration Manager to check out a full ISim license.
WARNING: ISim will run in Lite mode. Please refer to the ISim documentation for more information on the differences between the Lite and the Full version.
This is a Lite version of ISim.
# run 1000 ns
Simulator is doing circuit initialization process.
Finished circuit initialization process.
              350000: SPI write - address=0x0004, data=0x00000001
              650000: SPI write - address=0x0014, data=0x00000001
              950000: SPI write - address=0x0008, data=0x00000000
# run 1.00us
             1250000: SPI write - address=0x0010, data=0x00000091
             1550000: SPI write - address=0x0018, data=0x00000001
             1850000: SPI write - address=0x0000, data=0x00000001
# run 1.00us
# run 1.00us
# run 1.00us
# run 1.00us
             5751000: SPI read - address=0x0010, data=0x00000000
ISim P.20131013 (signature 0x7708f090)
WARNING: A WEBPACK license was found.
WARNING: Please use Xilinx License Configuration Manager to check out a full ISim license.
WARNING: ISim will run in Lite mode. Please refer to the ISim documentation for more information on the differences between the Lite and the Full version.
This is a Lite version of ISim.
# run 1000 ns
Simulator is doing circuit initialization process.
Finished circuit initialization process.
              350000: SPI write - address=0x0004, data=0x00000001
              650000: SPI write - address=0x0014, data=0x00000001
              950000: SPI write - address=0x0008, data=0x00000000
# run 100.00us
             1250000: SPI write - address=0x0010, data=0x00000091
             1550000: SPI write - address=0x0018, data=0x00000001
             1850000: SPI write - address=0x0000, data=0x00000001
             5751000: SPI read - address=0x0010, data=0x00000000
             6050000: SPI write - address=0x0008, data=0x00000001
             6350000: SPI write - address=0x0010, data=0x000000a9
             6650000: SPI write - address=0x0000, data=0x00000001
            10751000: SPI read - address=0x0010, data=0x00000000
            11050000: SPI write - address=0x0008, data=0x00000002
            11350000: SPI write - address=0x0010, data=0x000000eb
            11650000: SPI write - address=0x0000, data=0x00000001
            15751000: SPI read - address=0x0010, data=0x00000000
            16050000: SPI write - address=0x0008, data=0x00000003
            16350000: SPI write - address=0x0010, data=0x000000af
            16650000: SPI write - address=0x0000, data=0x00000001
            20951000: SPI read - address=0x0010, data=0x00000000
ISim P.20131013 (signature 0x7708f090)
WARNING: A WEBPACK license was found.
WARNING: Please use Xilinx License Configuration Manager to check out a full ISim license.
WARNING: ISim will run in Lite mode. Please refer to the ISim documentation for more information on the differences between the Lite and the Full version.
This is a Lite version of ISim.
# run 1000 ns
Simulator is doing circuit initialization process.
Finished circuit initialization process.
              350000: SPI write - address=0x0004, data=0x00000001
              650000: SPI write - address=0x0014, data=0x00000001
              950000: SPI write - address=0x0008, data=0x00000000
# run 100.00us
             1250000: SPI write - address=0x0010, data=0x00000091
             1550000: SPI write - address=0x0018, data=0x00000001
             1850000: SPI write - address=0x0000, data=0x00000001
             5751000: SPI read - address=0x0010, data=0x00000000
             6050000: SPI write - address=0x0008, data=0x00000001
             6350000: SPI write - address=0x0010, data=0x000000a9
             6650000: SPI write - address=0x0000, data=0x00000001
            10751000: SPI read - address=0x0010, data=0x00000000
            11050000: SPI write - address=0x0008, data=0x00000002
            11350000: SPI write - address=0x0010, data=0x000000eb
            11650000: SPI write - address=0x0000, data=0x00000001
            15751000: SPI read - address=0x0010, data=0x00000000
            16050000: SPI write - address=0x0008, data=0x00000003
            16350000: SPI write - address=0x0010, data=0x000000af
            16650000: SPI write - address=0x0000, data=0x00000001
            20951000: SPI read - address=0x0010, data=0x00000000
ISim P.20131013 (signature 0x7708f090)
WARNING: A WEBPACK license was found.
WARNING: Please use Xilinx License Configuration Manager to check out a full ISim license.
WARNING: ISim will run in Lite mode. Please refer to the ISim documentation for more information on the differences between the Lite and the Full version.
This is a Lite version of ISim.
# run 1000 ns
Simulator is doing circuit initialization process.
Finished circuit initialization process.
              350000: SPI write - address=0x0004, data=0x00000001
              650000: SPI write - address=0x0014, data=0x00000001
              950000: SPI write - address=0x0008, data=0x00000000
# run 25.00us
             1250000: SPI write - address=0x0010, data=0x00000091
             1550000: SPI write - address=0x0018, data=0x00000001
             1850000: SPI write - address=0x0000, data=0x00000001
             5751000: SPI read - address=0x0010, data=0x00000000
             6050000: SPI write - address=0x0008, data=0x00000001
             6350000: SPI write - address=0x0010, data=0x000000a9
             6650000: SPI write - address=0x0000, data=0x00000001
            10751000: SPI read - address=0x0010, data=0x00000000
            11050000: SPI write - address=0x0008, data=0x00000002
            11350000: SPI write - address=0x0010, data=0x000000eb
            11650000: SPI write - address=0x0000, data=0x00000001
            15751000: SPI read - address=0x0010, data=0x00000000
            16050000: SPI write - address=0x0008, data=0x00000003
            16350000: SPI write - address=0x0010, data=0x000000af
            16650000: SPI write - address=0x0000, data=0x00000001
            20951000: SPI read - address=0x0010, data=0x00000000
